<?xml version="1.0" encoding="UTF-8"?>
<!-- Generated by org.testng.reporters.JUnitReportReporter -->
<testsuite hostname="LAPTOP-2P73KTAI" failures="0" tests="1" name="NewTest" time="5.419" errors="0" timestamp="2023-10-22T16:34:06 IST" skipped="0">
  <testcase classname="NewTest" name="f" time="5.419"/>
  <system-out/>
</testsuite> <!-- NewTest -->
