<?xml version="1.0" encoding="UTF-8"?>
<!-- Generated by org.testng.reporters.JUnitReportReporter -->
<testsuite hostname="LAPTOP-2P73KTAI" failures="0" tests="1" name="com.org.lib.NewTest" time="20.200" errors="0" timestamp="2023-12-03T23:52:20 IST" skipped="0">
  <testcase classname="com.org.lib.NewTest" name="first" time="20.200"/>
  <system-out/>
</testsuite> <!-- com.org.lib.NewTest -->
